mode: set
ffmpeg-go-relay/internal/config/config.go:21.23,29.2 1 1
ffmpeg-go-relay/internal/config/config.go:31.44,33.19 2 1
ffmpeg-go-relay/internal/config/config.go:33.19,35.6 1 1
ffmpeg-go-relay/internal/config/config.go:36.5,37.54 2 1
ffmpeg-go-relay/internal/config/config.go:37.54,39.6 1 1
ffmpeg-go-relay/internal/config/config.go:40.5,40.20 1 1
ffmpeg-go-relay/internal/config/config.go:48.34,49.27 1 1
ffmpeg-go-relay/internal/config/config.go:49.27,51.6 1 1
ffmpeg-go-relay/internal/config/config.go:52.5,52.25 1 1
ffmpeg-go-relay/internal/config/config.go:52.25,54.6 1 1
ffmpeg-go-relay/internal/config/config.go:55.5,55.26 1 1
ffmpeg-go-relay/internal/config/config.go:55.26,57.6 1 0
ffmpeg-go-relay/internal/config/config.go:58.5,58.27 1 1
ffmpeg-go-relay/internal/config/config.go:58.27,60.6 1 0
ffmpeg-go-relay/internal/config/config.go:61.5,61.69 1 1
ffmpeg-go-relay/internal/config/config.go:61.69,63.6 1 1
ffmpeg-go-relay/internal/config/config.go:64.5,64.71 1 1
ffmpeg-go-relay/internal/config/config.go:64.71,66.6 1 1
ffmpeg-go-relay/internal/config/config.go:67.5,67.69 1 1
ffmpeg-go-relay/internal/config/config.go:67.69,69.6 1 1
ffmpeg-go-relay/internal/config/config.go:70.5,70.15 1 1
ffmpeg-go-relay/internal/config/duration.go:14.53,16.49 2 1
ffmpeg-go-relay/internal/config/duration.go:16.49,18.3 1 0
ffmpeg-go-relay/internal/config/duration.go:20.2,21.16 2 1
ffmpeg-go-relay/internal/config/duration.go:21.16,23.3 1 1
ffmpeg-go-relay/internal/config/duration.go:25.2,26.12 2 1
ffmpeg-go-relay/internal/config/duration.go:30.49,32.2 1 1
ffmpeg-go-relay/internal/config/duration.go:35.35,37.2 1 1
ffmpeg-go-relay/internal/config/duration.go:40.46,42.2 1 1
ffmpeg-go-relay/internal/logger/logger.go:15.20,23.2 2 1
ffmpeg-go-relay/internal/logger/logger.go:26.48,28.2 1 1
ffmpeg-go-relay/internal/logger/logger.go:31.49,33.2 1 1
ffmpeg-go-relay/internal/logger/logger.go:36.48,38.2 1 1
ffmpeg-go-relay/internal/logger/logger.go:41.49,43.2 1 1
ffmpeg-go-relay/internal/logger/logger.go:46.49,49.2 2 0
ffmpeg-go-relay/internal/logger/logger.go:52.44,57.2 1 1
ffmpeg-go-relay/internal/logger/logger.go:60.49,65.2 1 1
ffmpeg-go-relay/internal/logger/logger.go:68.41,70.38 2 1
ffmpeg-go-relay/internal/logger/logger.go:70.38,72.10 2 1
ffmpeg-go-relay/internal/logger/logger.go:72.10,73.12 1 1
ffmpeg-go-relay/internal/logger/logger.go:75.3,75.50 1 1
ffmpeg-go-relay/internal/logger/logger.go:77.2,77.14 1 1
ffmpeg-go-relay/internal/logger/logger.go:84.52,86.2 1 1
ffmpeg-go-relay/internal/logger/logger.go:89.53,91.2 1 0
ffmpeg-go-relay/internal/logger/logger.go:94.53,97.2 2 0
ffmpeg-go-relay/internal/validator/url.go:15.49,16.20 1 1
ffmpeg-go-relay/internal/validator/url.go:16.20,18.3 1 1
ffmpeg-go-relay/internal/validator/url.go:21.2,21.40 1 1
ffmpeg-go-relay/internal/validator/url.go:21.40,23.3 1 1
ffmpeg-go-relay/internal/validator/url.go:25.2,26.16 2 1
ffmpeg-go-relay/internal/validator/url.go:26.16,28.3 1 1
ffmpeg-go-relay/internal/validator/url.go:31.2,31.112 1 1
ffmpeg-go-relay/internal/validator/url.go:31.112,33.3 1 1
ffmpeg-go-relay/internal/validator/url.go:36.2,37.16 2 1
ffmpeg-go-relay/internal/validator/url.go:37.16,39.3 1 1
ffmpeg-go-relay/internal/validator/url.go:42.2,43.19 2 1
ffmpeg-go-relay/internal/validator/url.go:43.19,46.45 3 1
ffmpeg-go-relay/internal/validator/url.go:46.45,48.4 1 1
ffmpeg-go-relay/internal/validator/url.go:52.2,52.43 1 1
ffmpeg-go-relay/internal/validator/url.go:52.43,54.3 1 1
ffmpeg-go-relay/internal/validator/url.go:56.2,56.12 1 1
ffmpeg-go-relay/internal/validator/url.go:60.38,63.15 2 1
ffmpeg-go-relay/internal/validator/url.go:63.15,67.3 1 1
ffmpeg-go-relay/internal/validator/url.go:70.2,70.21 1 1
ffmpeg-go-relay/internal/validator/url.go:70.21,72.3 1 1
ffmpeg-go-relay/internal/validator/url.go:75.2,75.20 1 1
ffmpeg-go-relay/internal/validator/url.go:75.20,77.3 1 1
ffmpeg-go-relay/internal/validator/url.go:80.2,80.29 1 1
ffmpeg-go-relay/internal/validator/url.go:80.29,82.3 1 1
ffmpeg-go-relay/internal/validator/url.go:85.2,85.22 1 1
ffmpeg-go-relay/internal/validator/url.go:85.22,87.3 1 1
ffmpeg-go-relay/internal/validator/url.go:90.2,90.24 1 1
ffmpeg-go-relay/internal/validator/url.go:90.24,92.3 1 1
ffmpeg-go-relay/internal/validator/url.go:95.2,95.38 1 1
ffmpeg-go-relay/internal/validator/url.go:95.38,97.3 1 0
ffmpeg-go-relay/internal/validator/url.go:99.2,99.12 1 1
ffmpeg-go-relay/internal/validator/url.go:104.42,114.34 2 1
ffmpeg-go-relay/internal/validator/url.go:114.34,115.22 1 1
ffmpeg-go-relay/internal/validator/url.go:115.22,117.4 1 1
ffmpeg-go-relay/internal/validator/url.go:123.2,123.12 1 1
ffmpeg-go-relay/internal/relay/server.go:24.49,26.19 2 1
ffmpeg-go-relay/internal/relay/server.go:26.19,28.6 1 1
ffmpeg-go-relay/internal/relay/server.go:29.5,34.15 4 1
ffmpeg-go-relay/internal/relay/server.go:34.15,37.6 2 1
ffmpeg-go-relay/internal/relay/server.go:39.5,39.9 1 1
ffmpeg-go-relay/internal/relay/server.go:39.9,41.23 2 1
ffmpeg-go-relay/internal/relay/server.go:41.23,42.33 1 1
ffmpeg-go-relay/internal/relay/server.go:42.33,43.22 1 1
ffmpeg-go-relay/internal/relay/server.go:45.13,46.21 2 0
ffmpeg-go-relay/internal/relay/server.go:48.9,49.29 2 0
ffmpeg-go-relay/internal/relay/server.go:49.29,51.52 2 0
ffmpeg-go-relay/internal/relay/server.go:51.52,53.14 1 0
ffmpeg-go-relay/internal/relay/server.go:57.5,58.21 2 1
ffmpeg-go-relay/internal/relay/server.go:61.73,65.20 3 1
ffmpeg-go-relay/internal/relay/server.go:65.20,66.53 1 1
ffmpeg-go-relay/internal/relay/server.go:66.53,68.10 1 0
ffmpeg-go-relay/internal/relay/server.go:69.9,69.61 1 1
ffmpeg-go-relay/internal/relay/server.go:69.61,71.10 1 0
ffmpeg-go-relay/internal/relay/server.go:72.9,72.63 1 1
ffmpeg-go-relay/internal/relay/server.go:72.63,74.10 1 0
ffmpeg-go-relay/internal/relay/server.go:75.9,75.23 1 1
ffmpeg-go-relay/internal/relay/server.go:75.23,76.76 1 1
ffmpeg-go-relay/internal/relay/server.go:76.76,78.14 1 0
ffmpeg-go-relay/internal/relay/server.go:82.5,83.19 2 1
ffmpeg-go-relay/internal/relay/server.go:83.19,85.6 1 1
ffmpeg-go-relay/internal/relay/server.go:86.5,89.20 3 1
ffmpeg-go-relay/internal/relay/server.go:89.20,90.53 1 1
ffmpeg-go-relay/internal/relay/server.go:90.53,92.10 1 0
ffmpeg-go-relay/internal/relay/server.go:93.9,93.61 1 1
ffmpeg-go-relay/internal/relay/server.go:93.61,95.10 1 0
ffmpeg-go-relay/internal/relay/server.go:96.9,96.63 1 1
ffmpeg-go-relay/internal/relay/server.go:96.63,98.10 1 0
ffmpeg-go-relay/internal/relay/server.go:99.9,99.23 1 1
ffmpeg-go-relay/internal/relay/server.go:99.23,100.76 1 1
ffmpeg-go-relay/internal/relay/server.go:100.76,102.14 1 0
ffmpeg-go-relay/internal/relay/server.go:106.5,112.15 5 1
ffmpeg-go-relay/internal/relay/server.go:112.15,116.6 3 1
ffmpeg-go-relay/internal/relay/server.go:117.5,117.15 1 1
ffmpeg-go-relay/internal/relay/server.go:117.15,121.6 3 1
ffmpeg-go-relay/internal/relay/server.go:123.5,124.12 2 1
ffmpeg-go-relay/internal/relay/server.go:125.27,125.27 0 1
ffmpeg-go-relay/internal/relay/server.go:126.25,127.23 1 0
ffmpeg-go-relay/internal/relay/server.go:127.23,130.10 2 0
ffmpeg-go-relay/internal/relay/server.go:133.5,133.19 1 1
ffmpeg-go-relay/internal/relay/server.go:137.39,139.59 2 1
ffmpeg-go-relay/internal/relay/server.go:139.59,142.40 2 1
ffmpeg-go-relay/internal/relay/server.go:142.40,143.31 1 1
ffmpeg-go-relay/internal/relay/server.go:143.31,145.14 1 1
ffmpeg-go-relay/internal/relay/server.go:147.9,147.20 1 1
ffmpeg-go-relay/internal/relay/server.go:149.5,149.13 1 1
ffmpeg-go-relay/internal/relay/server.go:152.34,153.17 1 1
ffmpeg-go-relay/internal/relay/server.go:153.17,155.6 1 1
ffmpeg-go-relay/internal/relay/server.go:156.5,156.35 1 1
